Build started 9/12/2012 1:36:04 AM.
     1>Project "C:\Users\Josh\Documents\Visual Studio 11\Projects\Tennis\Tennis\Tennis.vcxproj" on node 2 (Rebuild target(s)).
     1>InitializeBuildStatus:
         Creating "Release\Tennis.unsuccessfulbuild" because "AlwaysCreate" was specified.
       ClCompile:
         C:\Program Files (x86)\Microsoft Visual Studio 11.0\VC\bin\CL.exe /c /I"C:\SDL-1.2.15\include" /Zi /nologo /W3 /WX- /O2 /Oi /Oy- /GL /D _MBCS /Gm- /EHsc /MD /GS /Gy /fp:precise /Zc:wchar_t /Zc:forScope /Fo"Release\\" /Fd"Release\vc110.pdb" /Gd /TP /analyze- /errorReport:prompt ball.cpp gamestate.cpp main.cpp entity.cpp timer.cpp
         ball.cpp
         gamestate.cpp
         main.cpp
     1>main.cpp(112): warning C4244: 'argument' : conversion from 'time_t' to 'unsigned int', possible loss of data
         entity.cpp
     1>entity.cpp(38): warning C4244: '=' : conversion from 'float' to 'Sint16', possible loss of data
     1>entity.cpp(42): warning C4244: '=' : conversion from 'float' to 'Sint16', possible loss of data
     1>entity.cpp(70): warning C4244: '+=' : conversion from 'float' to 'Sint16', possible loss of data
     1>entity.cpp(71): warning C4244: '+=' : conversion from 'float' to 'Sint16', possible loss of data
         timer.cpp
       Link:
         C:\Program Files (x86)\Microsoft Visual Studio 11.0\VC\bin\link.exe /ERRORREPORT:PROMPT /OUT:"C:\Users\Josh\Documents\Visual Studio 11\Projects\Tennis\Release\Tennis.exe" /NOLOGO SDL.lib SDLmain.lib SDL_ttf.lib kernel32.lib user32.lib gdi32.lib winspool.lib comdlg32.lib advapi32.lib shell32.lib ole32.lib oleaut32.lib uuid.lib odbc32.lib odbccp32.lib /MANIFEST /MANIFESTUAC:"level='asInvoker' uiAccess='false'" /manifest:embed /DEBUG /PDB:"C:\Users\Josh\Documents\Visual Studio 11\Projects\Tennis\Release\Tennis.pdb" /SUBSYSTEM:WINDOWS /OPT:REF /OPT:ICF /LTCG /TLBID:1 /DYNAMICBASE /NXCOMPAT /IMPLIB:"C:\Users\Josh\Documents\Visual Studio 11\Projects\Tennis\Release\Tennis.lib" /MACHINE:X86 /SAFESEH Release\ball.obj
         Release\gamestate.obj
         Release\main.obj
         Release\entity.obj
         Release\timer.obj
         Generating code
         Finished generating code
         Tennis.vcxproj -> C:\Users\Josh\Documents\Visual Studio 11\Projects\Tennis\Release\Tennis.exe
       FinalizeBuildStatus:
         Deleting file "Release\Tennis.unsuccessfulbuild".
         Touching "Release\Tennis.lastbuildstate".
     1>Done Building Project "C:\Users\Josh\Documents\Visual Studio 11\Projects\Tennis\Tennis\Tennis.vcxproj" (Rebuild target(s)).

Build succeeded.

Time Elapsed 00:00:04.65
